/*C58*/SET SCHEMA PUBLIC
DROP TABLE IF EXISTS HORARIO
DROP TABLE IF EXISTS TURMA
DROP TABLE IF EXISTS DISCIPLINA
DROP TABLE IF EXISTS PERIODO
DROP TABLE IF EXISTS PROFESSOR
DROP TABLE IF EXISTS CURSO
DROP TABLE IF EXISTS SALA
CREATE TABLE IF NOT EXISTS PROFESSOR (MATRICULA VARCHAR(30) NOT NULL, NOME VARCHAR(50) NOT NULL,CONSTRAINT professor_pk_id PRIMARY KEY (MATRICULA))
CREATE TABLE IF NOT EXISTS CURSO (SIGLA VARCHAR(30) NOT NULL, NOME VARCHAR(50) NOT NULL, CONSTRAINT curso_pk_id PRIMARY KEY (SIGLA))
CREATE TABLE IF NOT EXISTS SALA (CODIGO VARCHAR(30) NOT NULL, BLOCO VARCHAR(50) NOT NULL, CONSTRAINT sala_pk_id PRIMARY KEY (CODIGO))
CREATE TABLE IF NOT EXISTS PERIODO (ID_PERIODO VARCHAR(30) NOT NULL, SIGLA_CURSO VARCHAR(30), CONSTRAINT periodo_pk_id PRIMARY KEY (ID_PERIODO), CONSTRAINT curso_fk_periodo FOREIGN KEY (SIGLA_CURSO)REFERENCES CURSO(SIGLA) ON DELETE CASCADE)
CREATE TABLE IF NOT EXISTS DISCIPLINA (SIGLA_DISCIPLINA VARCHAR(30) NOT NULL, PERIODO VARCHAR(30) NOT NULL, NOME VARCHAR(50) NOT NULL, SIGLA_CURSO VARCHAR(30), CARG_HORARIA INT NOT NULL, CONSTRAINT disciplina_pk_id PRIMARY KEY (SIGLA_DISCIPLINA), CONSTRAINT peri_fk_disciplina FOREIGN KEY (PERIODO)REFERENCES PERIODO(ID_PERIODO) ON DELETE CASCADE, CONSTRAINT curso_fk_disciplina FOREIGN KEY (SIGLA_CURSO)REFERENCES CURSO(SIGLA) ON DELETE CASCADE)
CREATE TABLE IF NOT EXISTS TURMA (ID_TURMA VARCHAR(30) NOT NULL, ID_CURSO VARCHAR(30) NOT NULL, ID_PROF VARCHAR(30) NOT NULL, ID_DISC VARCHAR(30) NOT NULL,ID_SALA VARCHAR(30) NOT NULL, ID_PERIODO VARCHAR(30) NOT NULL, CONSTRAINT turma_pk_id PRIMARY KEY (ID_TURMA), CONSTRAINT curso_fk_turma FOREIGN KEY (ID_CURSO) REFERENCES CURSO(SIGLA) ON DELETE CASCADE, CONSTRAINT prof_fk_turma FOREIGN KEY (ID_PROF) REFERENCES PROFESSOR(MATRICULA) ON DELETE CASCADE, CONSTRAINT disc_fk_turma FOREIGN KEY (ID_DISC) REFERENCES DISCIPLINA(SIGLA_DISCIPLINA) ON DELETE CASCADE, CONSTRAINT sala_fk_turma FOREIGN KEY (ID_SALA) REFERENCES SALA(CODIGO) ON DELETE CASCADE, CONSTRAINT peri_fk_turma FOREIGN KEY (ID_PERIODO) REFERENCES PERIODO(ID_PERIODO) ON DELETE CASCADE)
CREATE TABLE IF NOT EXISTS HORARIO (ID_HORARIO INT IDENTITY, ID_TURMA_HOR VARCHAR(30) NOT NULL,DIA_SEMANA VARCHAR(50) NOT NULL, H_INICIO INT NOT NULL, H_FIM INT NOT NULL, CONSTRAINT turma_fk_horario FOREIGN KEY (ID_TURMA_HOR) REFERENCES TURMA(ID_TURMA) ON DELETE CASCADE)
DISCONNECT
/*C59*/SET SCHEMA PUBLIC
INSERT INTO PROFESSOR VALUES('001','Mirna')
COMMIT
DISCONNECT
/*C60*/SET SCHEMA PUBLIC
DISCONNECT
/*C61*/SET SCHEMA PUBLIC
INSERT INTO PROFESSOR VALUES('002','Hugo')
COMMIT
DISCONNECT
/*C62*/SET SCHEMA PUBLIC
DISCONNECT
/*C63*/SET SCHEMA PUBLIC
INSERT INTO PROFESSOR VALUES('003','Bruno')
COMMIT
DISCONNECT
/*C64*/SET SCHEMA PUBLIC
DISCONNECT
/*C65*/SET SCHEMA PUBLIC
INSERT INTO CURSO VALUES('ADS','Analise e Desenvolvimento de Sistemas')
COMMIT
DISCONNECT
/*C66*/SET SCHEMA PUBLIC
DISCONNECT
/*C67*/SET SCHEMA PUBLIC
INSERT INTO CURSO VALUES('TCE','Tecnologo em Constru\u00e7\u00e3o de Edificios')
COMMIT
DISCONNECT
/*C68*/SET SCHEMA PUBLIC
DISCONNECT
/*C69*/SET SCHEMA PUBLIC
INSERT INTO CURSO VALUES('TMU','Tecnico em Musica')
COMMIT
DISCONNECT
/*C70*/SET SCHEMA PUBLIC
DISCONNECT
/*C71*/SET SCHEMA PUBLIC
INSERT INTO SALA VALUES('S01A','A')
COMMIT
DISCONNECT
/*C72*/SET SCHEMA PUBLIC
DISCONNECT
/*C73*/SET SCHEMA PUBLIC
INSERT INTO SALA VALUES('S11B','B')
COMMIT
DISCONNECT
/*C74*/SET SCHEMA PUBLIC
DISCONNECT
/*C75*/SET SCHEMA PUBLIC
INSERT INTO SALA VALUES('S21C','C')
COMMIT
DISCONNECT
/*C76*/SET SCHEMA PUBLIC
DISCONNECT
/*C77*/SET SCHEMA PUBLIC
DISCONNECT
/*C78*/SET SCHEMA PUBLIC
INSERT INTO PERIODO VALUES('2013.1','ADS')
COMMIT
DISCONNECT
/*C79*/SET SCHEMA PUBLIC
DISCONNECT
/*C80*/SET SCHEMA PUBLIC
DISCONNECT
/*C81*/SET SCHEMA PUBLIC
INSERT INTO PERIODO VALUES('2014.1','ADS')
COMMIT
DISCONNECT
/*C82*/SET SCHEMA PUBLIC
DISCONNECT
/*C83*/SET SCHEMA PUBLIC
DISCONNECT
/*C84*/SET SCHEMA PUBLIC
INSERT INTO PERIODO VALUES('2015.1','TMU')
COMMIT
DISCONNECT
/*C85*/SET SCHEMA PUBLIC
DISCONNECT
/*C86*/SET SCHEMA PUBLIC
DISCONNECT
/*C87*/SET SCHEMA PUBLIC
DISCONNECT
/*C88*/SET SCHEMA PUBLIC
INSERT INTO DISCIPLINA VALUES('PPADS','2013.1','Padr\u00f5es de Projeto','ADS',100)
COMMIT
DISCONNECT
/*C89*/SET SCHEMA PUBLIC
DISCONNECT
/*C90*/SET SCHEMA PUBLIC
DISCONNECT
/*C91*/SET SCHEMA PUBLIC
DISCONNECT
/*C92*/SET SCHEMA PUBLIC
INSERT INTO DISCIPLINA VALUES('BDADS','2014.1','Banco de Dados','ADS',150)
COMMIT
DISCONNECT
/*C93*/SET SCHEMA PUBLIC
DISCONNECT
/*C94*/SET SCHEMA PUBLIC
DISCONNECT
/*C95*/SET SCHEMA PUBLIC
DISCONNECT
/*C96*/SET SCHEMA PUBLIC
INSERT INTO DISCIPLINA VALUES('VTMU','2015.1','Viol\u00e3o','TMU',50)
COMMIT
DISCONNECT
/*C97*/SET SCHEMA PUBLIC
DISCONNECT
/*C98*/SET SCHEMA PUBLIC
DISCONNECT
/*C99*/SET SCHEMA PUBLIC
DISCONNECT
/*C100*/SET SCHEMA PUBLIC
DISCONNECT
/*C101*/SET SCHEMA PUBLIC
DISCONNECT
/*C102*/SET SCHEMA PUBLIC
DISCONNECT
/*C103*/SET SCHEMA PUBLIC
INSERT INTO TURMA VALUES('TPPADS','ADS','001','PPADS','S01A','2013.1')
COMMIT
DISCONNECT
/*C104*/SET SCHEMA PUBLIC
DISCONNECT
/*C105*/SET SCHEMA PUBLIC
DISCONNECT
/*C106*/SET SCHEMA PUBLIC
DISCONNECT
/*C107*/SET SCHEMA PUBLIC
DISCONNECT
/*C108*/SET SCHEMA PUBLIC
DISCONNECT
/*C109*/SET SCHEMA PUBLIC
DISCONNECT
/*C110*/SET SCHEMA PUBLIC
INSERT INTO TURMA VALUES('TVTMU','TMU','001','VTMU','S11B','2015.1')
COMMIT
DISCONNECT
/*C111*/SET SCHEMA PUBLIC
DISCONNECT
/*C112*/SET SCHEMA PUBLIC
DISCONNECT
/*C113*/SET SCHEMA PUBLIC
INSERT INTO HORARIO VALUES(0,'TPPADS','Sexta',18,21)
COMMIT
DISCONNECT
/*C114*/SET SCHEMA PUBLIC
DISCONNECT
/*C115*/SET SCHEMA PUBLIC
DISCONNECT
/*C116*/SET SCHEMA PUBLIC
DISCONNECT
/*C117*/SET SCHEMA PUBLIC
DISCONNECT
/*C118*/SET SCHEMA PUBLIC
INSERT INTO HORARIO VALUES(1,'TPPADS','Segunda',18,21)
COMMIT
DISCONNECT
/*C119*/SET SCHEMA PUBLIC
DISCONNECT
/*C120*/SET SCHEMA PUBLIC
DISCONNECT
/*C121*/SET SCHEMA PUBLIC
DISCONNECT
/*C122*/SET SCHEMA PUBLIC
DISCONNECT
/*C123*/SET SCHEMA PUBLIC
DISCONNECT
/*C124*/SET SCHEMA PUBLIC
DISCONNECT
/*C125*/SET SCHEMA PUBLIC
INSERT INTO HORARIO VALUES(2,'TVTMU','Sexta',18,21)
COMMIT
DISCONNECT
/*C126*/SET SCHEMA PUBLIC
DISCONNECT
/*C127*/SET SCHEMA PUBLIC
DISCONNECT
/*C128*/SET SCHEMA PUBLIC
DISCONNECT
/*C129*/SET SCHEMA PUBLIC
DISCONNECT
/*C130*/SET SCHEMA PUBLIC
DELETE FROM HORARIO WHERE ID_HORARIO=0
COMMIT
DISCONNECT
/*C131*/SET SCHEMA PUBLIC
DISCONNECT
/*C132*/SET SCHEMA PUBLIC
DISCONNECT
/*C133*/SET SCHEMA PUBLIC
DISCONNECT
/*C134*/SET SCHEMA PUBLIC
DISCONNECT
/*C135*/SET SCHEMA PUBLIC
DISCONNECT
/*C136*/SET SCHEMA PUBLIC
INSERT INTO HORARIO VALUES(3,'TPPADS','Sexta',19,21)
COMMIT
DISCONNECT
/*C137*/SET SCHEMA PUBLIC
DISCONNECT
